2019-12-18 16:18:14.326 [main] INFO  com.haidela.HaidelaApplication - Starting HaidelaApplication on ZLZ with PID 1820 (D:\work\haidela\target\classes started by ZLZ in D:\work\haidela)
2019-12-18 16:18:14.333 [main] INFO  com.haidela.HaidelaApplication - No active profile set, falling back to default profiles: default
2019-12-18 16:18:16.429 [main] INFO  o.s.boot.web.embedded.tomcat.TomcatWebServer - Tomcat initialized with port(s): 8080 (http)
2019-12-18 16:18:16.457 [main] INFO  org.apache.coyote.http11.Http11NioProtocol - Initializing ProtocolHandler ["http-nio-8080"]
2019-12-18 16:18:16.476 [main] INFO  org.apache.catalina.core.StandardService - Starting service [Tomcat]
2019-12-18 16:18:16.476 [main] INFO  org.apache.catalina.core.StandardEngine - Starting Servlet engine: [Apache Tomcat/9.0.24]
2019-12-18 16:18:16.607 [main] INFO  o.a.c.core.ContainerBase.[Tomcat].[localhost].[/] - Initializing Spring embedded WebApplicationContext
2019-12-18 16:18:16.608 [main] INFO  org.springframework.web.context.ContextLoader - Root WebApplicationContext: initialization completed in 2122 ms
2019-12-18 16:18:17.353 [main] INFO  o.s.scheduling.concurrent.ThreadPoolTaskExecutor - Initializing ExecutorService 'applicationTaskExecutor'
2019-12-18 16:18:17.694 [main] INFO  o.s.scheduling.concurrent.ThreadPoolTaskScheduler - Initializing ExecutorService 'taskScheduler'
2019-12-18 16:18:17.755 [main] INFO  org.apache.coyote.http11.Http11NioProtocol - Starting ProtocolHandler ["http-nio-8080"]
2019-12-18 16:18:17.786 [main] INFO  o.s.boot.web.embedded.tomcat.TomcatWebServer - Tomcat started on port(s): 8080 (http) with context path ''
2019-12-18 16:18:17.791 [main] INFO  com.haidela.HaidelaApplication - Started HaidelaApplication in 4.691 seconds (JVM running for 7.281)
2019-12-18 16:19:17.861 [Thread-9] INFO  o.s.scheduling.concurrent.ThreadPoolTaskScheduler - Shutting down ExecutorService 'taskScheduler'
2019-12-18 16:19:17.863 [Thread-9] INFO  o.s.scheduling.concurrent.ThreadPoolTaskExecutor - Shutting down ExecutorService 'applicationTaskExecutor'
2019-12-18 16:24:30.733 [main] INFO  com.haidela.HaidelaApplication - Starting HaidelaApplication on ZLZ with PID 1572 (D:\work\haidela.git\target\classes started by ZLZ in D:\work\haidela.git)
2019-12-18 16:24:30.738 [main] INFO  com.haidela.HaidelaApplication - No active profile set, falling back to default profiles: default
2019-12-18 16:24:33.003 [main] INFO  o.s.boot.web.embedded.tomcat.TomcatWebServer - Tomcat initialized with port(s): 8080 (http)
2019-12-18 16:24:33.021 [main] INFO  org.apache.coyote.http11.Http11NioProtocol - Initializing ProtocolHandler ["http-nio-8080"]
2019-12-18 16:24:33.037 [main] INFO  org.apache.catalina.core.StandardService - Starting service [Tomcat]
2019-12-18 16:24:33.037 [main] INFO  org.apache.catalina.core.StandardEngine - Starting Servlet engine: [Apache Tomcat/9.0.24]
2019-12-18 16:24:33.174 [main] INFO  o.a.c.core.ContainerBase.[Tomcat].[localhost].[/] - Initializing Spring embedded WebApplicationContext
2019-12-18 16:24:33.174 [main] INFO  org.springframework.web.context.ContextLoader - Root WebApplicationContext: initialization completed in 2346 ms
2019-12-18 16:24:34.058 [main] INFO  o.s.scheduling.concurrent.ThreadPoolTaskExecutor - Initializing ExecutorService 'applicationTaskExecutor'
2019-12-18 16:24:34.421 [main] INFO  o.s.scheduling.concurrent.ThreadPoolTaskScheduler - Initializing ExecutorService 'taskScheduler'
2019-12-18 16:24:34.493 [main] INFO  org.apache.coyote.http11.Http11NioProtocol - Starting ProtocolHandler ["http-nio-8080"]
2019-12-18 16:24:34.527 [main] INFO  o.s.boot.web.embedded.tomcat.TomcatWebServer - Tomcat started on port(s): 8080 (http) with context path ''
2019-12-18 16:24:34.531 [main] INFO  com.haidela.HaidelaApplication - Started HaidelaApplication in 4.778 seconds (JVM running for 6.441)
