2019-11-04 10:16:39.870 [main] INFO  com.haidela.HaidelaApplication - Starting HaidelaApplication on ZLZ with PID 16932 (D:\haidela\target\classes started by ZLZ in D:\haidela)
2019-11-04 10:16:39.874 [main] INFO  com.haidela.HaidelaApplication - No active profile set, falling back to default profiles: default
2019-11-04 10:16:41.662 [main] INFO  o.s.c.s.PostProcessorRegistrationDelegate$BeanPostProcessorChecker - Bean 'org.springframework.transaction.annotation.ProxyTransactionManagementConfiguration' of type [org.springframework.transaction.annotation.ProxyTransactionManagementConfiguration$$EnhancerBySpringCGLIB$$4c4ad4ce] is not eligible for getting processed by all BeanPostProcessors (for example: not eligible for auto-proxying)
2019-11-04 10:16:41.991 [main] INFO  o.s.boot.web.embedded.tomcat.TomcatWebServer - Tomcat initialized with port(s): 8080 (http)
2019-11-04 10:16:42.009 [main] INFO  org.apache.coyote.http11.Http11NioProtocol - Initializing ProtocolHandler ["http-nio-8080"]
2019-11-04 10:16:42.019 [main] INFO  org.apache.catalina.core.StandardService - Starting service [Tomcat]
2019-11-04 10:16:42.020 [main] INFO  org.apache.catalina.core.StandardEngine - Starting Servlet engine: [Apache Tomcat/9.0.24]
2019-11-04 10:16:42.157 [main] INFO  o.a.c.core.ContainerBase.[Tomcat].[localhost].[/] - Initializing Spring embedded WebApplicationContext
2019-11-04 10:16:42.157 [main] INFO  org.springframework.web.context.ContextLoader - Root WebApplicationContext: initialization completed in 2216 ms
2019-11-04 10:16:44.790 [main] INFO  o.s.scheduling.concurrent.ThreadPoolTaskExecutor - Initializing ExecutorService 'applicationTaskExecutor'
2019-11-04 10:16:45.257 [main] INFO  o.s.scheduling.concurrent.ThreadPoolTaskScheduler - Initializing ExecutorService 'taskScheduler'
2019-11-04 10:16:45.330 [main] INFO  s.d.s.web.plugins.DocumentationPluginsBootstrapper - Context refreshed
2019-11-04 10:16:45.369 [main] INFO  s.d.s.web.plugins.DocumentationPluginsBootstrapper - Found 1 custom documentation plugin(s)
2019-11-04 10:16:45.401 [main] INFO  s.d.spring.web.scanners.ApiListingReferenceScanner - Scanning for api listing references
2019-11-04 10:16:46.524 [main] INFO  s.d.s.w.r.operation.CachingOperationNameGenerator - Generating unique operation named: insertUsingPOST_1
2019-11-04 10:16:46.707 [main] INFO  s.d.s.w.r.operation.CachingOperationNameGenerator - Generating unique operation named: addUsingPOST_1
2019-11-04 10:16:46.938 [main] INFO  s.d.s.w.r.operation.CachingOperationNameGenerator - Generating unique operation named: addUsingPOST_2
2019-11-04 10:16:46.961 [main] INFO  s.d.s.w.r.operation.CachingOperationNameGenerator - Generating unique operation named: insertUsingPOST_2
2019-11-04 10:16:47.023 [main] INFO  org.apache.coyote.http11.Http11NioProtocol - Starting ProtocolHandler ["http-nio-8080"]
2019-11-04 10:16:47.097 [main] INFO  o.s.boot.web.embedded.tomcat.TomcatWebServer - Tomcat started on port(s): 8080 (http) with context path ''
2019-11-04 10:16:47.114 [main] INFO  com.haidela.HaidelaApplication - Started HaidelaApplication in 8.0 seconds (JVM running for 11.354)
2019-11-04 10:17:10.039 [http-nio-8080-exec-2] INFO  o.a.c.core.ContainerBase.[Tomcat].[localhost].[/] - Initializing Spring DispatcherServlet 'dispatcherServlet'
2019-11-04 10:17:10.040 [http-nio-8080-exec-2] INFO  org.springframework.web.servlet.DispatcherServlet - Initializing Servlet 'dispatcherServlet'
2019-11-04 10:17:10.054 [http-nio-8080-exec-2] INFO  org.springframework.web.servlet.DispatcherServlet - Completed initialization in 14 ms
2019-11-04 10:17:10.098 [http-nio-8080-exec-2] WARN  org.springframework.web.servlet.PageNotFound - No mapping for GET /checkcentersys/swagger-ui.html
2019-11-04 10:20:00.013 [scheduling-1] INFO  com.haidela.payment.util.ScheduledTasks - 客户交易定时任务 :2019-11-04 10:20:00
2019-11-04 10:20:00.115 [scheduling-1] INFO  com.zaxxer.hikari.HikariDataSource - HikariPool-1 - Starting...
2019-11-04 10:20:00.498 [scheduling-1] INFO  com.zaxxer.hikari.HikariDataSource - HikariPool-1 - Start completed.
2019-11-04 10:20:00.521 [scheduling-1] DEBUG c.h.p.p.p.mapper.PayCustomerMapper.findByStatus - ==>  Preparing: select * from lyx_pay_customer where status = ? 
2019-11-04 10:20:00.575 [scheduling-1] DEBUG c.h.p.p.p.mapper.PayCustomerMapper.findByStatus - ==> Parameters: 交易中(String)
2019-11-04 10:20:00.633 [scheduling-1] DEBUG c.h.p.p.p.mapper.PayCustomerMapper.findByStatus - <==      Total: 0
2019-11-04 10:25:00.002 [scheduling-1] INFO  com.haidela.payment.util.ScheduledTasks - 客户交易定时任务 :2019-11-04 10:25:00
2019-11-04 10:25:00.013 [scheduling-1] DEBUG c.h.p.p.p.mapper.PayCustomerMapper.findByStatus - ==>  Preparing: select * from lyx_pay_customer where status = ? 
2019-11-04 10:25:00.013 [scheduling-1] DEBUG c.h.p.p.p.mapper.PayCustomerMapper.findByStatus - ==> Parameters: 交易中(String)
2019-11-04 10:25:00.024 [scheduling-1] DEBUG c.h.p.p.p.mapper.PayCustomerMapper.findByStatus - <==      Total: 0
2019-11-04 10:27:01.942 [Thread-18] INFO  o.s.scheduling.concurrent.ThreadPoolTaskScheduler - Shutting down ExecutorService 'taskScheduler'
2019-11-04 10:27:01.945 [Thread-18] INFO  o.s.scheduling.concurrent.ThreadPoolTaskExecutor - Shutting down ExecutorService 'applicationTaskExecutor'
2019-11-04 10:27:01.947 [Thread-18] INFO  com.zaxxer.hikari.HikariDataSource - HikariPool-1 - Shutdown initiated...
2019-11-04 10:27:01.961 [Thread-18] INFO  com.zaxxer.hikari.HikariDataSource - HikariPool-1 - Shutdown completed.
2019-11-04 10:27:17.527 [main] INFO  com.haidela.HaidelaApplication - Starting HaidelaApplication on ZLZ with PID 3304 (D:\haidela\target\classes started by ZLZ in D:\haidela)
2019-11-04 10:27:17.532 [main] INFO  com.haidela.HaidelaApplication - No active profile set, falling back to default profiles: default
2019-11-04 10:27:19.233 [main] INFO  o.s.c.s.PostProcessorRegistrationDelegate$BeanPostProcessorChecker - Bean 'org.springframework.transaction.annotation.ProxyTransactionManagementConfiguration' of type [org.springframework.transaction.annotation.ProxyTransactionManagementConfiguration$$EnhancerBySpringCGLIB$$b11132bb] is not eligible for getting processed by all BeanPostProcessors (for example: not eligible for auto-proxying)
2019-11-04 10:27:19.699 [main] INFO  o.s.boot.web.embedded.tomcat.TomcatWebServer - Tomcat initialized with port(s): 8080 (http)
2019-11-04 10:27:19.720 [main] INFO  org.apache.coyote.http11.Http11NioProtocol - Initializing ProtocolHandler ["http-nio-8080"]
2019-11-04 10:27:19.734 [main] INFO  org.apache.catalina.core.StandardService - Starting service [Tomcat]
2019-11-04 10:27:19.735 [main] INFO  org.apache.catalina.core.StandardEngine - Starting Servlet engine: [Apache Tomcat/9.0.24]
2019-11-04 10:27:19.896 [main] INFO  o.a.c.core.ContainerBase.[Tomcat].[localhost].[/] - Initializing Spring embedded WebApplicationContext
2019-11-04 10:27:19.896 [main] INFO  org.springframework.web.context.ContextLoader - Root WebApplicationContext: initialization completed in 2281 ms
2019-11-04 10:27:22.112 [main] INFO  o.s.scheduling.concurrent.ThreadPoolTaskExecutor - Initializing ExecutorService 'applicationTaskExecutor'
2019-11-04 10:27:22.494 [main] INFO  o.s.scheduling.concurrent.ThreadPoolTaskScheduler - Initializing ExecutorService 'taskScheduler'
2019-11-04 10:27:22.565 [main] INFO  s.d.s.web.plugins.DocumentationPluginsBootstrapper - Context refreshed
2019-11-04 10:27:22.599 [main] INFO  s.d.s.web.plugins.DocumentationPluginsBootstrapper - Found 1 custom documentation plugin(s)
2019-11-04 10:27:22.630 [main] INFO  s.d.spring.web.scanners.ApiListingReferenceScanner - Scanning for api listing references
2019-11-04 10:27:23.126 [main] INFO  s.d.s.w.r.operation.CachingOperationNameGenerator - Generating unique operation named: insertUsingPOST_1
2019-11-04 10:27:23.272 [main] INFO  s.d.s.w.r.operation.CachingOperationNameGenerator - Generating unique operation named: addUsingPOST_1
2019-11-04 10:27:23.510 [main] INFO  s.d.s.w.r.operation.CachingOperationNameGenerator - Generating unique operation named: addUsingPOST_2
2019-11-04 10:27:23.535 [main] INFO  s.d.s.w.r.operation.CachingOperationNameGenerator - Generating unique operation named: insertUsingPOST_2
2019-11-04 10:27:23.604 [main] INFO  org.apache.coyote.http11.Http11NioProtocol - Starting ProtocolHandler ["http-nio-8080"]
2019-11-04 10:27:23.675 [main] INFO  o.s.boot.web.embedded.tomcat.TomcatWebServer - Tomcat started on port(s): 8080 (http) with context path ''
2019-11-04 10:27:23.684 [main] INFO  com.haidela.HaidelaApplication - Started HaidelaApplication in 7.672 seconds (JVM running for 9.573)
2019-11-04 10:27:59.302 [http-nio-8080-exec-1] INFO  o.a.c.core.ContainerBase.[Tomcat].[localhost].[/] - Initializing Spring DispatcherServlet 'dispatcherServlet'
2019-11-04 10:27:59.302 [http-nio-8080-exec-1] INFO  org.springframework.web.servlet.DispatcherServlet - Initializing Servlet 'dispatcherServlet'
2019-11-04 10:27:59.315 [http-nio-8080-exec-1] INFO  org.springframework.web.servlet.DispatcherServlet - Completed initialization in 13 ms
2019-11-04 10:27:59.357 [http-nio-8080-exec-1] WARN  org.springframework.web.servlet.PageNotFound - No mapping for GET /swagger-ui.html
2019-11-04 10:30:00.005 [scheduling-1] INFO  com.haidela.payment.util.ScheduledTasks - 客户交易定时任务 :2019-11-04 10:30:00
2019-11-04 10:30:00.088 [scheduling-1] INFO  com.zaxxer.hikari.HikariDataSource - HikariPool-1 - Starting...
2019-11-04 10:30:00.449 [scheduling-1] INFO  com.zaxxer.hikari.HikariDataSource - HikariPool-1 - Start completed.
2019-11-04 10:30:00.461 [scheduling-1] DEBUG c.h.p.p.p.mapper.PayCustomerMapper.findByStatus - ==>  Preparing: select * from lyx_pay_customer where status = ? 
2019-11-04 10:30:00.502 [scheduling-1] DEBUG c.h.p.p.p.mapper.PayCustomerMapper.findByStatus - ==> Parameters: 交易中(String)
2019-11-04 10:30:00.549 [scheduling-1] DEBUG c.h.p.p.p.mapper.PayCustomerMapper.findByStatus - <==      Total: 0
2019-11-04 10:35:00.020 [scheduling-1] INFO  com.haidela.payment.util.ScheduledTasks - 客户交易定时任务 :2019-11-04 10:35:00
2019-11-04 10:35:00.031 [scheduling-1] DEBUG c.h.p.p.p.mapper.PayCustomerMapper.findByStatus - ==>  Preparing: select * from lyx_pay_customer where status = ? 
2019-11-04 10:35:00.031 [scheduling-1] DEBUG c.h.p.p.p.mapper.PayCustomerMapper.findByStatus - ==> Parameters: 交易中(String)
2019-11-04 10:35:00.041 [scheduling-1] DEBUG c.h.p.p.p.mapper.PayCustomerMapper.findByStatus - <==      Total: 0
2019-11-04 10:40:00.002 [scheduling-1] INFO  com.haidela.payment.util.ScheduledTasks - 客户交易定时任务 :2019-11-04 10:40:00
2019-11-04 10:40:00.016 [scheduling-1] DEBUG c.h.p.p.p.mapper.PayCustomerMapper.findByStatus - ==>  Preparing: select * from lyx_pay_customer where status = ? 
2019-11-04 10:40:00.017 [scheduling-1] DEBUG c.h.p.p.p.mapper.PayCustomerMapper.findByStatus - ==> Parameters: 交易中(String)
2019-11-04 10:40:00.028 [scheduling-1] DEBUG c.h.p.p.p.mapper.PayCustomerMapper.findByStatus - <==      Total: 0
2019-11-04 10:45:00.001 [scheduling-1] INFO  com.haidela.payment.util.ScheduledTasks - 客户交易定时任务 :2019-11-04 10:45:00
2019-11-04 10:45:00.009 [scheduling-1] DEBUG c.h.p.p.p.mapper.PayCustomerMapper.findByStatus - ==>  Preparing: select * from lyx_pay_customer where status = ? 
2019-11-04 10:45:00.010 [scheduling-1] DEBUG c.h.p.p.p.mapper.PayCustomerMapper.findByStatus - ==> Parameters: 交易中(String)
2019-11-04 10:45:00.019 [scheduling-1] DEBUG c.h.p.p.p.mapper.PayCustomerMapper.findByStatus - <==      Total: 0
2019-11-04 10:50:00.001 [scheduling-1] INFO  com.haidela.payment.util.ScheduledTasks - 客户交易定时任务 :2019-11-04 10:50:00
2019-11-04 10:50:00.012 [scheduling-1] DEBUG c.h.p.p.p.mapper.PayCustomerMapper.findByStatus - ==>  Preparing: select * from lyx_pay_customer where status = ? 
2019-11-04 10:50:00.013 [scheduling-1] DEBUG c.h.p.p.p.mapper.PayCustomerMapper.findByStatus - ==> Parameters: 交易中(String)
2019-11-04 10:50:00.022 [scheduling-1] DEBUG c.h.p.p.p.mapper.PayCustomerMapper.findByStatus - <==      Total: 0
2019-11-04 10:55:00.002 [scheduling-1] INFO  com.haidela.payment.util.ScheduledTasks - 客户交易定时任务 :2019-11-04 10:55:00
2019-11-04 10:55:00.010 [scheduling-1] DEBUG c.h.p.p.p.mapper.PayCustomerMapper.findByStatus - ==>  Preparing: select * from lyx_pay_customer where status = ? 
2019-11-04 10:55:00.010 [scheduling-1] DEBUG c.h.p.p.p.mapper.PayCustomerMapper.findByStatus - ==> Parameters: 交易中(String)
2019-11-04 10:55:00.020 [scheduling-1] DEBUG c.h.p.p.p.mapper.PayCustomerMapper.findByStatus - <==      Total: 0
2019-11-04 11:00:00.002 [scheduling-1] INFO  com.haidela.payment.util.ScheduledTasks - 客户交易定时任务 :2019-11-04 11:00:00
2019-11-04 11:00:05.033 [scheduling-1] WARN  com.zaxxer.hikari.pool.PoolBase - HikariPool-1 - Failed to validate connection com.mysql.cj.jdbc.ConnectionImpl@7696f18e (No operations allowed after connection closed.). Possibly consider using a shorter maxLifetime value.
2019-11-04 11:00:05.043 [scheduling-1] DEBUG c.h.p.p.p.mapper.PayCustomerMapper.findByStatus - ==>  Preparing: select * from lyx_pay_customer where status = ? 
2019-11-04 11:00:05.044 [scheduling-1] DEBUG c.h.p.p.p.mapper.PayCustomerMapper.findByStatus - ==> Parameters: 交易中(String)
2019-11-04 11:00:05.055 [scheduling-1] DEBUG c.h.p.p.p.mapper.PayCustomerMapper.findByStatus - <==      Total: 0
2019-11-04 11:05:00.001 [scheduling-1] INFO  com.haidela.payment.util.ScheduledTasks - 客户交易定时任务 :2019-11-04 11:05:00
2019-11-04 11:05:00.012 [scheduling-1] DEBUG c.h.p.p.p.mapper.PayCustomerMapper.findByStatus - ==>  Preparing: select * from lyx_pay_customer where status = ? 
2019-11-04 11:05:00.015 [scheduling-1] DEBUG c.h.p.p.p.mapper.PayCustomerMapper.findByStatus - ==> Parameters: 交易中(String)
2019-11-04 11:05:00.028 [scheduling-1] DEBUG c.h.p.p.p.mapper.PayCustomerMapper.findByStatus - <==      Total: 0
2019-11-04 11:10:00.001 [scheduling-1] INFO  com.haidela.payment.util.ScheduledTasks - 客户交易定时任务 :2019-11-04 11:10:00
2019-11-04 11:10:00.012 [scheduling-1] DEBUG c.h.p.p.p.mapper.PayCustomerMapper.findByStatus - ==>  Preparing: select * from lyx_pay_customer where status = ? 
2019-11-04 11:10:00.013 [scheduling-1] DEBUG c.h.p.p.p.mapper.PayCustomerMapper.findByStatus - ==> Parameters: 交易中(String)
2019-11-04 11:10:00.025 [scheduling-1] DEBUG c.h.p.p.p.mapper.PayCustomerMapper.findByStatus - <==      Total: 0
2019-11-04 11:15:00.002 [scheduling-1] INFO  com.haidela.payment.util.ScheduledTasks - 客户交易定时任务 :2019-11-04 11:15:00
2019-11-04 11:15:00.013 [scheduling-1] DEBUG c.h.p.p.p.mapper.PayCustomerMapper.findByStatus - ==>  Preparing: select * from lyx_pay_customer where status = ? 
2019-11-04 11:15:00.014 [scheduling-1] DEBUG c.h.p.p.p.mapper.PayCustomerMapper.findByStatus - ==> Parameters: 交易中(String)
2019-11-04 11:15:00.026 [scheduling-1] DEBUG c.h.p.p.p.mapper.PayCustomerMapper.findByStatus - <==      Total: 0
2019-11-04 11:20:00.001 [scheduling-1] INFO  com.haidela.payment.util.ScheduledTasks - 客户交易定时任务 :2019-11-04 11:20:00
2019-11-04 11:20:00.012 [scheduling-1] DEBUG c.h.p.p.p.mapper.PayCustomerMapper.findByStatus - ==>  Preparing: select * from lyx_pay_customer where status = ? 
2019-11-04 11:20:00.013 [scheduling-1] DEBUG c.h.p.p.p.mapper.PayCustomerMapper.findByStatus - ==> Parameters: 交易中(String)
2019-11-04 11:20:00.025 [scheduling-1] DEBUG c.h.p.p.p.mapper.PayCustomerMapper.findByStatus - <==      Total: 0
2019-11-04 11:25:00.001 [scheduling-1] INFO  com.haidela.payment.util.ScheduledTasks - 客户交易定时任务 :2019-11-04 11:25:00
2019-11-04 11:25:00.014 [scheduling-1] DEBUG c.h.p.p.p.mapper.PayCustomerMapper.findByStatus - ==>  Preparing: select * from lyx_pay_customer where status = ? 
2019-11-04 11:25:00.015 [scheduling-1] DEBUG c.h.p.p.p.mapper.PayCustomerMapper.findByStatus - ==> Parameters: 交易中(String)
2019-11-04 11:25:00.027 [scheduling-1] DEBUG c.h.p.p.p.mapper.PayCustomerMapper.findByStatus - <==      Total: 0
2019-11-04 11:30:00.003 [scheduling-1] INFO  com.haidela.payment.util.ScheduledTasks - 客户交易定时任务 :2019-11-04 11:30:00
2019-11-04 11:30:05.009 [scheduling-1] WARN  com.zaxxer.hikari.pool.PoolBase - HikariPool-1 - Failed to validate connection com.mysql.cj.jdbc.ConnectionImpl@1360a0a8 (No operations allowed after connection closed.). Possibly consider using a shorter maxLifetime value.
2019-11-04 11:30:05.062 [scheduling-1] DEBUG c.h.p.p.p.mapper.PayCustomerMapper.findByStatus - ==>  Preparing: select * from lyx_pay_customer where status = ? 
2019-11-04 11:30:05.062 [scheduling-1] DEBUG c.h.p.p.p.mapper.PayCustomerMapper.findByStatus - ==> Parameters: 交易中(String)
2019-11-04 11:30:05.074 [scheduling-1] DEBUG c.h.p.p.p.mapper.PayCustomerMapper.findByStatus - <==      Total: 0
2019-11-04 11:35:00.002 [scheduling-1] INFO  com.haidela.payment.util.ScheduledTasks - 客户交易定时任务 :2019-11-04 11:35:00
2019-11-04 11:35:00.015 [scheduling-1] DEBUG c.h.p.p.p.mapper.PayCustomerMapper.findByStatus - ==>  Preparing: select * from lyx_pay_customer where status = ? 
2019-11-04 11:35:00.017 [scheduling-1] DEBUG c.h.p.p.p.mapper.PayCustomerMapper.findByStatus - ==> Parameters: 交易中(String)
2019-11-04 11:35:00.029 [scheduling-1] DEBUG c.h.p.p.p.mapper.PayCustomerMapper.findByStatus - <==      Total: 0
2019-11-04 11:40:00.002 [scheduling-1] INFO  com.haidela.payment.util.ScheduledTasks - 客户交易定时任务 :2019-11-04 11:40:00
2019-11-04 11:40:00.037 [scheduling-1] DEBUG c.h.p.p.p.mapper.PayCustomerMapper.findByStatus - ==>  Preparing: select * from lyx_pay_customer where status = ? 
2019-11-04 11:40:00.038 [scheduling-1] DEBUG c.h.p.p.p.mapper.PayCustomerMapper.findByStatus - ==> Parameters: 交易中(String)
2019-11-04 11:40:00.053 [scheduling-1] DEBUG c.h.p.p.p.mapper.PayCustomerMapper.findByStatus - <==      Total: 0
2019-11-04 11:45:00.004 [scheduling-1] INFO  com.haidela.payment.util.ScheduledTasks - 客户交易定时任务 :2019-11-04 11:45:00
2019-11-04 11:45:00.022 [scheduling-1] DEBUG c.h.p.p.p.mapper.PayCustomerMapper.findByStatus - ==>  Preparing: select * from lyx_pay_customer where status = ? 
2019-11-04 11:45:00.026 [scheduling-1] DEBUG c.h.p.p.p.mapper.PayCustomerMapper.findByStatus - ==> Parameters: 交易中(String)
2019-11-04 11:45:00.044 [scheduling-1] DEBUG c.h.p.p.p.mapper.PayCustomerMapper.findByStatus - <==      Total: 0
2019-11-04 11:50:00.002 [scheduling-1] INFO  com.haidela.payment.util.ScheduledTasks - 客户交易定时任务 :2019-11-04 11:50:00
2019-11-04 11:50:00.014 [scheduling-1] DEBUG c.h.p.p.p.mapper.PayCustomerMapper.findByStatus - ==>  Preparing: select * from lyx_pay_customer where status = ? 
2019-11-04 11:50:00.016 [scheduling-1] DEBUG c.h.p.p.p.mapper.PayCustomerMapper.findByStatus - ==> Parameters: 交易中(String)
2019-11-04 11:50:00.028 [scheduling-1] DEBUG c.h.p.p.p.mapper.PayCustomerMapper.findByStatus - <==      Total: 0
2019-11-04 11:55:00.000 [scheduling-1] INFO  com.haidela.payment.util.ScheduledTasks - 客户交易定时任务 :2019-11-04 11:55:00
2019-11-04 11:55:00.012 [scheduling-1] DEBUG c.h.p.p.p.mapper.PayCustomerMapper.findByStatus - ==>  Preparing: select * from lyx_pay_customer where status = ? 
2019-11-04 11:55:00.013 [scheduling-1] DEBUG c.h.p.p.p.mapper.PayCustomerMapper.findByStatus - ==> Parameters: 交易中(String)
2019-11-04 11:55:00.024 [scheduling-1] DEBUG c.h.p.p.p.mapper.PayCustomerMapper.findByStatus - <==      Total: 0
2019-11-04 12:00:00.001 [scheduling-1] INFO  com.haidela.payment.util.ScheduledTasks - 客户交易定时任务 :2019-11-04 12:00:00
2019-11-04 12:00:00.015 [scheduling-1] DEBUG c.h.p.p.p.mapper.PayCustomerMapper.findByStatus - ==>  Preparing: select * from lyx_pay_customer where status = ? 
2019-11-04 12:00:00.016 [scheduling-1] DEBUG c.h.p.p.p.mapper.PayCustomerMapper.findByStatus - ==> Parameters: 交易中(String)
2019-11-04 12:00:00.028 [scheduling-1] DEBUG c.h.p.p.p.mapper.PayCustomerMapper.findByStatus - <==      Total: 0
2019-11-04 12:05:00.002 [scheduling-1] INFO  com.haidela.payment.util.ScheduledTasks - 客户交易定时任务 :2019-11-04 12:05:00
2019-11-04 12:05:00.015 [scheduling-1] DEBUG c.h.p.p.p.mapper.PayCustomerMapper.findByStatus - ==>  Preparing: select * from lyx_pay_customer where status = ? 
2019-11-04 12:05:00.016 [scheduling-1] DEBUG c.h.p.p.p.mapper.PayCustomerMapper.findByStatus - ==> Parameters: 交易中(String)
2019-11-04 12:05:00.029 [scheduling-1] DEBUG c.h.p.p.p.mapper.PayCustomerMapper.findByStatus - <==      Total: 0
2019-11-04 12:10:00.002 [scheduling-1] INFO  com.haidela.payment.util.ScheduledTasks - 客户交易定时任务 :2019-11-04 12:10:00
2019-11-04 12:10:00.013 [scheduling-1] DEBUG c.h.p.p.p.mapper.PayCustomerMapper.findByStatus - ==>  Preparing: select * from lyx_pay_customer where status = ? 
2019-11-04 12:10:00.014 [scheduling-1] DEBUG c.h.p.p.p.mapper.PayCustomerMapper.findByStatus - ==> Parameters: 交易中(String)
2019-11-04 12:10:00.027 [scheduling-1] DEBUG c.h.p.p.p.mapper.PayCustomerMapper.findByStatus - <==      Total: 0
2019-11-04 12:15:00.001 [scheduling-1] INFO  com.haidela.payment.util.ScheduledTasks - 客户交易定时任务 :2019-11-04 12:15:00
2019-11-04 12:15:00.012 [scheduling-1] DEBUG c.h.p.p.p.mapper.PayCustomerMapper.findByStatus - ==>  Preparing: select * from lyx_pay_customer where status = ? 
2019-11-04 12:15:00.012 [scheduling-1] DEBUG c.h.p.p.p.mapper.PayCustomerMapper.findByStatus - ==> Parameters: 交易中(String)
2019-11-04 12:15:00.024 [scheduling-1] DEBUG c.h.p.p.p.mapper.PayCustomerMapper.findByStatus - <==      Total: 0
2019-11-04 12:20:00.002 [scheduling-1] INFO  com.haidela.payment.util.ScheduledTasks - 客户交易定时任务 :2019-11-04 12:20:00
2019-11-04 12:20:00.013 [scheduling-1] DEBUG c.h.p.p.p.mapper.PayCustomerMapper.findByStatus - ==>  Preparing: select * from lyx_pay_customer where status = ? 
2019-11-04 12:20:00.013 [scheduling-1] DEBUG c.h.p.p.p.mapper.PayCustomerMapper.findByStatus - ==> Parameters: 交易中(String)
2019-11-04 12:20:00.025 [scheduling-1] DEBUG c.h.p.p.p.mapper.PayCustomerMapper.findByStatus - <==      Total: 0
2019-11-04 12:25:00.001 [scheduling-1] INFO  com.haidela.payment.util.ScheduledTasks - 客户交易定时任务 :2019-11-04 12:25:00
2019-11-04 12:25:00.012 [scheduling-1] DEBUG c.h.p.p.p.mapper.PayCustomerMapper.findByStatus - ==>  Preparing: select * from lyx_pay_customer where status = ? 
2019-11-04 12:25:00.013 [scheduling-1] DEBUG c.h.p.p.p.mapper.PayCustomerMapper.findByStatus - ==> Parameters: 交易中(String)
2019-11-04 12:25:00.025 [scheduling-1] DEBUG c.h.p.p.p.mapper.PayCustomerMapper.findByStatus - <==      Total: 0
2019-11-04 12:30:00.001 [scheduling-1] INFO  com.haidela.payment.util.ScheduledTasks - 客户交易定时任务 :2019-11-04 12:30:00
2019-11-04 12:30:00.011 [scheduling-1] DEBUG c.h.p.p.p.mapper.PayCustomerMapper.findByStatus - ==>  Preparing: select * from lyx_pay_customer where status = ? 
2019-11-04 12:30:00.011 [scheduling-1] DEBUG c.h.p.p.p.mapper.PayCustomerMapper.findByStatus - ==> Parameters: 交易中(String)
2019-11-04 12:30:00.023 [scheduling-1] DEBUG c.h.p.p.p.mapper.PayCustomerMapper.findByStatus - <==      Total: 0
2019-11-04 12:35:00.002 [scheduling-1] INFO  com.haidela.payment.util.ScheduledTasks - 客户交易定时任务 :2019-11-04 12:35:00
2019-11-04 12:35:00.012 [scheduling-1] DEBUG c.h.p.p.p.mapper.PayCustomerMapper.findByStatus - ==>  Preparing: select * from lyx_pay_customer where status = ? 
2019-11-04 12:35:00.012 [scheduling-1] DEBUG c.h.p.p.p.mapper.PayCustomerMapper.findByStatus - ==> Parameters: 交易中(String)
2019-11-04 12:35:00.024 [scheduling-1] DEBUG c.h.p.p.p.mapper.PayCustomerMapper.findByStatus - <==      Total: 0
2019-11-04 12:40:00.002 [scheduling-1] INFO  com.haidela.payment.util.ScheduledTasks - 客户交易定时任务 :2019-11-04 12:40:00
2019-11-04 12:40:00.011 [scheduling-1] DEBUG c.h.p.p.p.mapper.PayCustomerMapper.findByStatus - ==>  Preparing: select * from lyx_pay_customer where status = ? 
2019-11-04 12:40:00.012 [scheduling-1] DEBUG c.h.p.p.p.mapper.PayCustomerMapper.findByStatus - ==> Parameters: 交易中(String)
2019-11-04 12:40:00.023 [scheduling-1] DEBUG c.h.p.p.p.mapper.PayCustomerMapper.findByStatus - <==      Total: 0
2019-11-04 12:45:00.002 [scheduling-1] INFO  com.haidela.payment.util.ScheduledTasks - 客户交易定时任务 :2019-11-04 12:45:00
2019-11-04 12:45:00.013 [scheduling-1] DEBUG c.h.p.p.p.mapper.PayCustomerMapper.findByStatus - ==>  Preparing: select * from lyx_pay_customer where status = ? 
2019-11-04 12:45:00.013 [scheduling-1] DEBUG c.h.p.p.p.mapper.PayCustomerMapper.findByStatus - ==> Parameters: 交易中(String)
2019-11-04 12:45:00.025 [scheduling-1] DEBUG c.h.p.p.p.mapper.PayCustomerMapper.findByStatus - <==      Total: 0
2019-11-04 12:50:00.001 [scheduling-1] INFO  com.haidela.payment.util.ScheduledTasks - 客户交易定时任务 :2019-11-04 12:50:00
2019-11-04 12:50:00.012 [scheduling-1] DEBUG c.h.p.p.p.mapper.PayCustomerMapper.findByStatus - ==>  Preparing: select * from lyx_pay_customer where status = ? 
2019-11-04 12:50:00.012 [scheduling-1] DEBUG c.h.p.p.p.mapper.PayCustomerMapper.findByStatus - ==> Parameters: 交易中(String)
2019-11-04 12:50:00.023 [scheduling-1] DEBUG c.h.p.p.p.mapper.PayCustomerMapper.findByStatus - <==      Total: 0
2019-11-04 12:55:00.002 [scheduling-1] INFO  com.haidela.payment.util.ScheduledTasks - 客户交易定时任务 :2019-11-04 12:55:00
2019-11-04 12:55:00.012 [scheduling-1] DEBUG c.h.p.p.p.mapper.PayCustomerMapper.findByStatus - ==>  Preparing: select * from lyx_pay_customer where status = ? 
2019-11-04 12:55:00.012 [scheduling-1] DEBUG c.h.p.p.p.mapper.PayCustomerMapper.findByStatus - ==> Parameters: 交易中(String)
2019-11-04 12:55:00.025 [scheduling-1] DEBUG c.h.p.p.p.mapper.PayCustomerMapper.findByStatus - <==      Total: 0
2019-11-04 13:00:00.001 [scheduling-1] INFO  com.haidela.payment.util.ScheduledTasks - 客户交易定时任务 :2019-11-04 13:00:00
2019-11-04 13:00:00.011 [scheduling-1] DEBUG c.h.p.p.p.mapper.PayCustomerMapper.findByStatus - ==>  Preparing: select * from lyx_pay_customer where status = ? 
2019-11-04 13:00:00.011 [scheduling-1] DEBUG c.h.p.p.p.mapper.PayCustomerMapper.findByStatus - ==> Parameters: 交易中(String)
2019-11-04 13:00:00.023 [scheduling-1] DEBUG c.h.p.p.p.mapper.PayCustomerMapper.findByStatus - <==      Total: 0
2019-11-04 13:05:00.001 [scheduling-1] INFO  com.haidela.payment.util.ScheduledTasks - 客户交易定时任务 :2019-11-04 13:05:00
2019-11-04 13:05:00.011 [scheduling-1] DEBUG c.h.p.p.p.mapper.PayCustomerMapper.findByStatus - ==>  Preparing: select * from lyx_pay_customer where status = ? 
2019-11-04 13:05:00.011 [scheduling-1] DEBUG c.h.p.p.p.mapper.PayCustomerMapper.findByStatus - ==> Parameters: 交易中(String)
2019-11-04 13:05:00.023 [scheduling-1] DEBUG c.h.p.p.p.mapper.PayCustomerMapper.findByStatus - <==      Total: 0
